<?xml version="1.0" encoding="UTF-8"?>
<!-- Generated by org.testng.reporters.JUnitReportReporter -->
<testsuite hostname="Nayeem" failures="0" tests="1" name="driverFactory.DriverScript" time="11.780" errors="0" timestamp="2023-12-16T13:14:38 IST" skipped="0">
  <testcase classname="driverFactory.DriverScript" name="starTest" time="11.780"/>
</testsuite> <!-- driverFactory.DriverScript -->
