<?xml version="1.0" encoding="UTF-8"?>
<!-- Generated by org.testng.reporters.JUnitReportReporter -->
<testsuite hostname="Nayeem" failures="0" tests="1" name="driverFactory.AppTest" time="44.322" errors="0" timestamp="2023-12-16T12:58:16 IST" skipped="0">
  <testcase classname="driverFactory.AppTest" name="kickStart" time="44.322">
    <system-out>
      <![CDATA[Crompton  Crompton
Stock-000000427 Stock-000000427]]>
    </system-out>
  </testcase> <!-- kickStart -->
  <system-out>
    <![CDATA[Crompton  Crompton
Stock-000000427 Stock-000000427]]>
  </system-out>
</testsuite> <!-- driverFactory.AppTest -->
